<?xml version="1.0" encoding="UTF-8"?>
<!-- Generated by org.testng.reporters.JUnitXMLReporter -->
<testsuite ignored="2" hostname="LAPTOP-GSAAFOHU" failures="1" tests="2" name="Test" time="10.438" errors="0" timestamp="02 Aug 2024 15:00:38 GMT">
  <testcase classname="testCases.LoginTest" name="TC01_LoginSuccessTest" time="0.491"/>
  <testcase classname="testCases.HomePageTest" name="TC01_AddToCartTest" time="1.241">
    <failure type="java.lang.NullPointerException" message="Cannot invoke &amp;quot;org.openqa.selenium.WebElement.getText()&amp;quot; because &amp;quot;this.itemNumberAddedToCart&amp;quot; is null">
      <![CDATA[java.lang.NullPointerException: Cannot invoke "org.openqa.selenium.WebElement.getText()" because "this.itemNumberAddedToCart" is null
at pages.HomePage.verifyItemNumberAddedToCart(HomePage.java:32)
at testCases.HomePageTest.TC01_AddToCartTest(HomePageTest.java:20)
... Removed 25 stack frames]]>
    </failure>
  </testcase> <!-- TC01_AddToCartTest -->
  <testcase classname="testCases.LoginTest" name="TC02_LoginFailureTest" time="0.0">
    <ignored/>
  </testcase> <!-- TC02_LoginFailureTest -->
  <testcase classname="testCases.LoginTest" name="TC03_LockedUserTest" time="0.0">
    <ignored/>
  </testcase> <!-- TC03_LockedUserTest -->
</testsuite> <!-- Test -->
