<?xml version="1.0" encoding="UTF-8"?>
<testng-results ignored="0" total="1" passed="1" failed="0" skipped="0">
  <reporter-output>
  </reporter-output>
  <suite started-at="2024-08-05T15:31:15Z" name="Default suite" finished-at="2024-08-05T15:31:18Z" duration-ms="2973">
    <groups>
    </groups>
    <test started-at="2024-08-05T15:31:15Z" name="Default test" finished-at="2024-08-05T15:31:18Z" duration-ms="2973">
      <class name="testCases.HomePageTest">
        <test-method is-config="true" signature="SetUpDriver()[pri:0, instance:testCases.HomePageTest@68df9280]" started-at="2024-08-05T15:31:15Z" name="SetUpDriver" finished-at="2024-08-05T15:31:17Z" duration-ms="1767" status="PASS">
          <reporter-output>
          </reporter-output>
        </test-method> <!-- SetUpDriver -->
        <test-method signature="TC01_AddToCartTest()[pri:0, instance:testCases.HomePageTest@68df9280]" started-at="2024-08-05T15:31:17Z" name="TC01_AddToCartTest" finished-at="2024-08-05T15:31:17Z" duration-ms="773" status="PASS">
          <reporter-output>
          </reporter-output>
        </test-method> <!-- TC01_AddToCartTest -->
        <test-method is-config="true" signature="TearDown()[pri:0, instance:testCases.HomePageTest@68df9280]" started-at="2024-08-05T15:31:18Z" name="TearDown" finished-at="2024-08-05T15:31:18Z" duration-ms="188" status="PASS">
          <reporter-output>
          </reporter-output>
        </test-method> <!-- TearDown -->
      </class> <!-- testCases.HomePageTest -->
    </test> <!-- Default test -->
  </suite> <!-- Default suite -->
</testng-results>
