<?xml version="1.0" encoding="UTF-8"?>
<testng-results ignored="2" total="4" passed="1" failed="1" skipped="0">
  <reporter-output>
  </reporter-output>
  <suite started-at="2024-08-02T15:00:28Z" name="Suite" finished-at="2024-08-02T15:00:38Z" duration-ms="10438">
    <groups>
    </groups>
    <test started-at="2024-08-02T15:00:28Z" name="Test" finished-at="2024-08-02T15:00:38Z" duration-ms="10438">
      <class name="testCases.LoginTest">
        <test-method is-config="true" signature="SetUpDriver()[pri:0, instance:testCases.LoginTest@5be46f9d]" started-at="2024-08-02T15:00:28Z" name="SetUpDriver" finished-at="2024-08-02T15:00:33Z" duration-ms="5514" status="PASS">
          <reporter-output>
          </reporter-output>
        </test-method> <!-- SetUpDriver -->
        <test-method signature="TC01_LoginSuccessTest()[pri:0, instance:testCases.LoginTest@5be46f9d]" started-at="2024-08-02T15:00:33Z" name="TC01_LoginSuccessTest" finished-at="2024-08-02T15:00:34Z" duration-ms="491" status="PASS">
          <reporter-output>
          </reporter-output>
        </test-method> <!-- TC01_LoginSuccessTest -->
        <test-method is-config="true" signature="TearDown()[pri:0, instance:testCases.LoginTest@5be46f9d]" started-at="2024-08-02T15:00:34Z" name="TearDown" finished-at="2024-08-02T15:00:34Z" duration-ms="150" status="PASS">
          <reporter-output>
          </reporter-output>
        </test-method> <!-- TearDown -->
      </class> <!-- testCases.LoginTest -->
      <class name="testCases.HomePageTest">
        <test-method is-config="true" signature="SetUpDriver()[pri:0, instance:testCases.HomePageTest@3f91b517]" started-at="2024-08-02T15:00:34Z" name="SetUpDriver" finished-at="2024-08-02T15:00:36Z" duration-ms="2635" status="PASS">
          <reporter-output>
          </reporter-output>
        </test-method> <!-- SetUpDriver -->
        <test-method signature="TC01_AddToCartTest()[pri:0, instance:testCases.HomePageTest@3f91b517]" started-at="2024-08-02T15:00:36Z" name="TC01_AddToCartTest" finished-at="2024-08-02T15:00:38Z" duration-ms="1241" status="FAIL">
          <exception class="java.lang.NullPointerException">
            <message>
              <![CDATA[Cannot invoke "org.openqa.selenium.WebElement.getText()" because "this.itemNumberAddedToCart" is null]]>
            </message>
            <full-stacktrace>
              <![CDATA[java.lang.NullPointerException: Cannot invoke "org.openqa.selenium.WebElement.getText()" because "this.itemNumberAddedToCart" is null
at pages.HomePage.verifyItemNumberAddedToCart(HomePage.java:32)
at testCases.HomePageTest.TC01_AddToCartTest(HomePageTest.java:20)
at java.base/jdk.internal.reflect.NativeMethodAccessorImpl.invoke0(Native Method)
at java.base/jdk.internal.reflect.NativeMethodAccessorImpl.invoke(NativeMethodAccessorImpl.java:77)
at java.base/jdk.internal.reflect.DelegatingMethodAccessorImpl.invoke(DelegatingMethodAccessorImpl.java:43)
at java.base/java.lang.reflect.Method.invoke(Method.java:568)
at org.testng.internal.MethodInvocationHelper.invokeMethod(MethodInvocationHelper.java:124)
at org.testng.internal.Invoker.invokeMethod(Invoker.java:583)
at org.testng.internal.Invoker.invokeTestMethod(Invoker.java:719)
at org.testng.internal.Invoker.invokeTestMethods(Invoker.java:989)
at org.testng.internal.TestMethodWorker.invokeTestMethods(TestMethodWorker.java:125)
at org.testng.internal.TestMethodWorker.run(TestMethodWorker.java:109)
at org.testng.TestRunner.privateRun(TestRunner.java:648)
at org.testng.TestRunner.run(TestRunner.java:505)
at org.testng.SuiteRunner.runTest(SuiteRunner.java:455)
at org.testng.SuiteRunner.runSequentially(SuiteRunner.java:450)
at org.testng.SuiteRunner.privateRun(SuiteRunner.java:415)
at org.testng.SuiteRunner.run(SuiteRunner.java:364)
at org.testng.SuiteRunnerWorker.runSuite(SuiteRunnerWorker.java:52)
at org.testng.SuiteRunnerWorker.run(SuiteRunnerWorker.java:84)
at org.testng.TestNG.runSuitesSequentially(TestNG.java:1208)
at org.testng.TestNG.runSuitesLocally(TestNG.java:1137)
at org.testng.TestNG.runSuites(TestNG.java:1049)
at org.testng.TestNG.run(TestNG.java:1017)
at org.testng.remote.AbstractRemoteTestNG.run(AbstractRemoteTestNG.java:115)
at org.testng.remote.RemoteTestNG.initAndRun(RemoteTestNG.java:251)
at org.testng.remote.RemoteTestNG.main(RemoteTestNG.java:77)
]]>
            </full-stacktrace>
          </exception> <!-- java.lang.NullPointerException -->
          <reporter-output>
          </reporter-output>
        </test-method> <!-- TC01_AddToCartTest -->
        <test-method is-config="true" signature="TearDown()[pri:0, instance:testCases.HomePageTest@3f91b517]" started-at="2024-08-02T15:00:38Z" name="TearDown" finished-at="2024-08-02T15:00:38Z" duration-ms="148" status="PASS">
          <reporter-output>
          </reporter-output>
        </test-method> <!-- TearDown -->
      </class> <!-- testCases.HomePageTest -->
    </test> <!-- Test -->
  </suite> <!-- Suite -->
</testng-results>
